<?xml version="1.0" encoding="UTF-8"?>
<!-- Generated by org.testng.reporters.JUnitXMLReporter -->
<testsuite ignored="6" hostname="DESKTOP-0CCPETD" failures="1" tests="12" name="Test" time="376.229" errors="0" timestamp="2022-07-19T11:01:54 IST">
  <testcase classname="com.crm.reqing.OrganizationsTest.CreateOrganizationTest1" name="CreateOrganizationWithMandatory" time="38.539"/>
  <testcase classname="com.crm.reqing.OrganizationsTest.CreateOrganizationTest1" name="CreateOrganizationWithMemberOfTest" time="25.27"/>
  <testcase classname="com.crm.reqing.contactTest.CreateContactTest1" name="CreateContactWithMandatory" time="16.959">
    <skipped/>
  </testcase> <!-- CreateContactWithMandatory -->
  <testcase classname="com.crm.reqing.contactTest.CreateContactTest1" name="CreateContactWithMandatory" time="19.047">
    <skipped/>
  </testcase> <!-- CreateContactWithMandatory -->
  <testcase classname="com.crm.reqing.contactTest.CreateContactTest1" name="CreateContactWithMandatory" time="19.106">
    <skipped/>
  </testcase> <!-- CreateContactWithMandatory -->
  <testcase classname="com.crm.reqing.contactTest.CreateContactTest1" name="CreateContactWithMandatory" time="19.907">
    <skipped/>
  </testcase> <!-- CreateContactWithMandatory -->
  <testcase classname="com.crm.reqing.contactTest.CreateContactTest1" name="CreateContactWithMandatory" time="19.48">
    <failure type="java.lang.AssertionError" message="The following asserts failed:
	expected [true] but found [false]">
      <![CDATA[java.lang.AssertionError: The following asserts failed:
expected [true] but found [false]
at com.crm.reqing.POMReposatory.ContactInformationPage.validateHeader(ContactInformationPage.java:296)
at com.crm.reqing.contactTest.CreateContactTest1.CreateContactWithMandatory(CreateContactTest1.java:34)
at java.base/java.util.ArrayList.forEach(ArrayList.java:1511)
... Removed 29 stack frames]]>
    </failure>
  </testcase> <!-- CreateContactWithMandatory -->
  <testcase classname="com.crm.reqing.contactTest.CreateContactTest1" name="CreateContactWithOrganizationTest" time="23.934"/>
  <testcase classname="com.crm.reqing.ProductTest.CreateProductTest1" name="CreateProductWithMandatoryTest" time="17.081"/>
  <testcase classname="com.crm.reqing.ProductTest.CreateProductTest1" name="CreateProductWithVendorsLookupTest" time="20.468"/>
  <testcase classname="com.crm.reqing.CamapinsTest.CreateCampaignTest1" name="CreateCampaignWithProductTest" time="20.074"/>
  <testcase classname="com.crm.reqing.CamapinsTest.CreateCampaignTest1" name="createCampaignWithMandatoryFieldTest" time="18.34"/>
  <testcase classname="com.crm.reqing.GenericUtility.BaseClass" name="@BeforeSuite configBS" time="0.0">
    <ignored/>
  </testcase> <!-- @BeforeSuite configBS -->
  <testcase classname="com.crm.reqing.GenericUtility.BaseClass" name="@BeforeSuite configBS" time="0.0">
    <ignored/>
  </testcase> <!-- @BeforeSuite configBS -->
  <testcase classname="com.crm.reqing.GenericUtility.BaseClass" name="@BeforeSuite configBS" time="0.0">
    <ignored/>
  </testcase> <!-- @BeforeSuite configBS -->
  <testcase classname="com.crm.reqing.GenericUtility.BaseClass" name="@AfterSuite configAS" time="0.0">
    <ignored/>
  </testcase> <!-- @AfterSuite configAS -->
  <testcase classname="com.crm.reqing.GenericUtility.BaseClass" name="@AfterSuite configAS" time="0.0">
    <ignored/>
  </testcase> <!-- @AfterSuite configAS -->
  <testcase classname="com.crm.reqing.GenericUtility.BaseClass" name="@AfterSuite configAS" time="0.0">
    <ignored/>
  </testcase> <!-- @AfterSuite configAS -->
</testsuite> <!-- Test -->
